2024-11-12 22:25:54,481 [Component Thread] WARN Phoenix.ComponentClient.Impl.DefaultHarnessRunnerHost - Could not load the Solver Add-in.
System.Runtime.InteropServices.COMException (0x800A03EC): Sorry, we couldn't find C:\Users\knech\OneDrive\Documents\Solver.xlam. Is it possible it was moved, renamed or deleted?
   at Microsoft.Office.Interop.Excel.ApplicationClass.Run(Object Macro, Object Arg1, Object Arg2, Object Arg3, Object Arg4, Object Arg5, Object Arg6, Object Arg7, Object Arg8, Object Arg9, Object Arg10, Object Arg11, Object Arg12, Object Arg13, Object Arg14, Object Arg15, Object Arg16, Object Arg17, Object Arg18, Object Arg19, Object Arg20, Object Arg21, Object Arg22, Object Arg23, Object Arg24, Object Arg25, Object Arg26, Object Arg27, Object Arg28, Object Arg29, Object Arg30)
   at ExcelPlugIn.Excel.ExcelSession._safeLoadSolverAddIn()
2024-11-12 22:26:21,052 [Component Thread] WARN Phoenix.ComponentClient.Impl.DefaultHarnessRunnerHost - Could not load the Solver Add-in.
System.Runtime.InteropServices.COMException (0x800A03EC): Exception from HRESULT: 0x800A03EC
   at Microsoft.Office.Interop.Excel.ApplicationClass.Run(Object Macro, Object Arg1, Object Arg2, Object Arg3, Object Arg4, Object Arg5, Object Arg6, Object Arg7, Object Arg8, Object Arg9, Object Arg10, Object Arg11, Object Arg12, Object Arg13, Object Arg14, Object Arg15, Object Arg16, Object Arg17, Object Arg18, Object Arg19, Object Arg20, Object Arg21, Object Arg22, Object Arg23, Object Arg24, Object Arg25, Object Arg26, Object Arg27, Object Arg28, Object Arg29, Object Arg30)
   at ExcelPlugIn.Excel.ExcelSession._safeLoadSolverAddIn()
2024-11-12 22:26:22,020 [Component Thread] WARN Phoenix.ComponentClient.Impl.DefaultHarnessRunnerHost - Could not load the Solver Add-in.
System.Runtime.InteropServices.COMException (0x800A03EC): Sorry, we couldn't find C:\Users\knech\OneDrive\Documents\Solver.xlam. Is it possible it was moved, renamed or deleted?
   at Microsoft.Office.Interop.Excel.ApplicationClass.Run(Object Macro, Object Arg1, Object Arg2, Object Arg3, Object Arg4, Object Arg5, Object Arg6, Object Arg7, Object Arg8, Object Arg9, Object Arg10, Object Arg11, Object Arg12, Object Arg13, Object Arg14, Object Arg15, Object Arg16, Object Arg17, Object Arg18, Object Arg19, Object Arg20, Object Arg21, Object Arg22, Object Arg23, Object Arg24, Object Arg25, Object Arg26, Object Arg27, Object Arg28, Object Arg29, Object Arg30)
   at ExcelPlugIn.Excel.ExcelSession._safeLoadSolverAddIn()
2024-11-12 22:27:25,264 [Component Thread] WARN Phoenix.ComponentClient.Impl.DefaultHarnessRunnerHost - Could not load the Solver Add-in.
System.Runtime.InteropServices.COMException (0x800A03EC): Sorry, we couldn't find C:\Users\knech\OneDrive\Documents\Solver.xlam. Is it possible it was moved, renamed or deleted?
   at Microsoft.Office.Interop.Excel.ApplicationClass.Run(Object Macro, Object Arg1, Object Arg2, Object Arg3, Object Arg4, Object Arg5, Object Arg6, Object Arg7, Object Arg8, Object Arg9, Object Arg10, Object Arg11, Object Arg12, Object Arg13, Object Arg14, Object Arg15, Object Arg16, Object Arg17, Object Arg18, Object Arg19, Object Arg20, Object Arg21, Object Arg22, Object Arg23, Object Arg24, Object Arg25, Object Arg26, Object Arg27, Object Arg28, Object Arg29, Object Arg30)
   at ExcelPlugIn.Excel.ExcelSession._safeLoadSolverAddIn()
2024-11-12 22:30:58,664 [Component Thread] WARN Phoenix.ComponentClient.Impl.DefaultHarnessRunnerHost - Could not load the Solver Add-in.
System.Runtime.InteropServices.COMException (0x800A03EC): Sorry, we couldn't find C:\Users\knech\OneDrive\Documents\Solver.xlam. Is it possible it was moved, renamed or deleted?
   at Microsoft.Office.Interop.Excel.ApplicationClass.Run(Object Macro, Object Arg1, Object Arg2, Object Arg3, Object Arg4, Object Arg5, Object Arg6, Object Arg7, Object Arg8, Object Arg9, Object Arg10, Object Arg11, Object Arg12, Object Arg13, Object Arg14, Object Arg15, Object Arg16, Object Arg17, Object Arg18, Object Arg19, Object Arg20, Object Arg21, Object Arg22, Object Arg23, Object Arg24, Object Arg25, Object Arg26, Object Arg27, Object Arg28, Object Arg29, Object Arg30)
   at ExcelPlugIn.Excel.ExcelSession._safeLoadSolverAddIn()
2024-11-12 22:31:13,871 [Component Thread] WARN Phoenix.ComponentClient.Impl.DefaultHarnessRunnerHost - Could not load the Solver Add-in.
System.Runtime.InteropServices.COMException (0x800A03EC): Sorry, we couldn't find C:\Users\knech\OneDrive\Documents\Solver.xlam. Is it possible it was moved, renamed or deleted?
   at Microsoft.Office.Interop.Excel.ApplicationClass.Run(Object Macro, Object Arg1, Object Arg2, Object Arg3, Object Arg4, Object Arg5, Object Arg6, Object Arg7, Object Arg8, Object Arg9, Object Arg10, Object Arg11, Object Arg12, Object Arg13, Object Arg14, Object Arg15, Object Arg16, Object Arg17, Object Arg18, Object Arg19, Object Arg20, Object Arg21, Object Arg22, Object Arg23, Object Arg24, Object Arg25, Object Arg26, Object Arg27, Object Arg28, Object Arg29, Object Arg30)
   at ExcelPlugIn.Excel.ExcelSession._safeLoadSolverAddIn()
2024-11-12 22:31:14,849 [Component Thread] WARN Phoenix.ComponentClient.Impl.DefaultHarnessRunnerHost - Could not load the Solver Add-in.
System.Runtime.InteropServices.COMException (0x800A03EC): Sorry, we couldn't find C:\Users\knech\OneDrive\Documents\Solver.xlam. Is it possible it was moved, renamed or deleted?
   at Microsoft.Office.Interop.Excel.ApplicationClass.Run(Object Macro, Object Arg1, Object Arg2, Object Arg3, Object Arg4, Object Arg5, Object Arg6, Object Arg7, Object Arg8, Object Arg9, Object Arg10, Object Arg11, Object Arg12, Object Arg13, Object Arg14, Object Arg15, Object Arg16, Object Arg17, Object Arg18, Object Arg19, Object Arg20, Object Arg21, Object Arg22, Object Arg23, Object Arg24, Object Arg25, Object Arg26, Object Arg27, Object Arg28, Object Arg29, Object Arg30)
   at ExcelPlugIn.Excel.ExcelSession._safeLoadSolverAddIn()
2024-11-12 22:31:57,867 [Component Thread] WARN Phoenix.ComponentClient.Impl.DefaultHarnessRunnerHost - Could not load the Solver Add-in.
System.Runtime.InteropServices.COMException (0x800A03EC): Sorry, we couldn't find C:\Users\knech\OneDrive\Documents\Solver.xlam. Is it possible it was moved, renamed or deleted?
   at Microsoft.Office.Interop.Excel.ApplicationClass.Run(Object Macro, Object Arg1, Object Arg2, Object Arg3, Object Arg4, Object Arg5, Object Arg6, Object Arg7, Object Arg8, Object Arg9, Object Arg10, Object Arg11, Object Arg12, Object Arg13, Object Arg14, Object Arg15, Object Arg16, Object Arg17, Object Arg18, Object Arg19, Object Arg20, Object Arg21, Object Arg22, Object Arg23, Object Arg24, Object Arg25, Object Arg26, Object Arg27, Object Arg28, Object Arg29, Object Arg30)
   at ExcelPlugIn.Excel.ExcelSession._safeLoadSolverAddIn()
2024-11-12 22:31:58,953 [Component Thread] WARN Phoenix.ComponentClient.Impl.DefaultHarnessRunnerHost - Could not load the Solver Add-in.
System.Runtime.InteropServices.COMException (0x800A03EC): Sorry, we couldn't find C:\Users\knech\OneDrive\Documents\Solver.xlam. Is it possible it was moved, renamed or deleted?
   at Microsoft.Office.Interop.Excel.ApplicationClass.Run(Object Macro, Object Arg1, Object Arg2, Object Arg3, Object Arg4, Object Arg5, Object Arg6, Object Arg7, Object Arg8, Object Arg9, Object Arg10, Object Arg11, Object Arg12, Object Arg13, Object Arg14, Object Arg15, Object Arg16, Object Arg17, Object Arg18, Object Arg19, Object Arg20, Object Arg21, Object Arg22, Object Arg23, Object Arg24, Object Arg25, Object Arg26, Object Arg27, Object Arg28, Object Arg29, Object Arg30)
   at ExcelPlugIn.Excel.ExcelSession._safeLoadSolverAddIn()
2024-11-12 22:31:59,900 [Component Thread] WARN Phoenix.ComponentClient.Impl.DefaultHarnessRunnerHost - Could not load the Solver Add-in.
System.Runtime.InteropServices.COMException (0x800A03EC): Sorry, we couldn't find C:\Users\knech\OneDrive\Documents\Solver.xlam. Is it possible it was moved, renamed or deleted?
   at Microsoft.Office.Interop.Excel.ApplicationClass.Run(Object Macro, Object Arg1, Object Arg2, Object Arg3, Object Arg4, Object Arg5, Object Arg6, Object Arg7, Object Arg8, Object Arg9, Object Arg10, Object Arg11, Object Arg12, Object Arg13, Object Arg14, Object Arg15, Object Arg16, Object Arg17, Object Arg18, Object Arg19, Object Arg20, Object Arg21, Object Arg22, Object Arg23, Object Arg24, Object Arg25, Object Arg26, Object Arg27, Object Arg28, Object Arg29, Object Arg30)
   at ExcelPlugIn.Excel.ExcelSession._safeLoadSolverAddIn()
2024-11-12 22:32:00,928 [Component Thread] WARN Phoenix.ComponentClient.Impl.DefaultHarnessRunnerHost - Could not load the Solver Add-in.
System.Runtime.InteropServices.COMException (0x800A03EC): Sorry, we couldn't find C:\Users\knech\OneDrive\Documents\Solver.xlam. Is it possible it was moved, renamed or deleted?
   at Microsoft.Office.Interop.Excel.ApplicationClass.Run(Object Macro, Object Arg1, Object Arg2, Object Arg3, Object Arg4, Object Arg5, Object Arg6, Object Arg7, Object Arg8, Object Arg9, Object Arg10, Object Arg11, Object Arg12, Object Arg13, Object Arg14, Object Arg15, Object Arg16, Object Arg17, Object Arg18, Object Arg19, Object Arg20, Object Arg21, Object Arg22, Object Arg23, Object Arg24, Object Arg25, Object Arg26, Object Arg27, Object Arg28, Object Arg29, Object Arg30)
   at ExcelPlugIn.Excel.ExcelSession._safeLoadSolverAddIn()
2024-11-12 22:32:04,428 [Component Thread] WARN Phoenix.ComponentClient.Impl.DefaultHarnessRunnerHost - Could not load the Solver Add-in.
System.Runtime.InteropServices.COMException (0x800A03EC): Sorry, we couldn't find C:\Users\knech\OneDrive\Documents\Solver.xlam. Is it possible it was moved, renamed or deleted?
   at Microsoft.Office.Interop.Excel.ApplicationClass.Run(Object Macro, Object Arg1, Object Arg2, Object Arg3, Object Arg4, Object Arg5, Object Arg6, Object Arg7, Object Arg8, Object Arg9, Object Arg10, Object Arg11, Object Arg12, Object Arg13, Object Arg14, Object Arg15, Object Arg16, Object Arg17, Object Arg18, Object Arg19, Object Arg20, Object Arg21, Object Arg22, Object Arg23, Object Arg24, Object Arg25, Object Arg26, Object Arg27, Object Arg28, Object Arg29, Object Arg30)
   at ExcelPlugIn.Excel.ExcelSession._safeLoadSolverAddIn()
2024-11-12 22:32:05,452 [Component Thread] WARN Phoenix.ComponentClient.Impl.DefaultHarnessRunnerHost - Could not load the Solver Add-in.
System.Runtime.InteropServices.COMException (0x800A03EC): Sorry, we couldn't find C:\Users\knech\OneDrive\Documents\Solver.xlam. Is it possible it was moved, renamed or deleted?
   at Microsoft.Office.Interop.Excel.ApplicationClass.Run(Object Macro, Object Arg1, Object Arg2, Object Arg3, Object Arg4, Object Arg5, Object Arg6, Object Arg7, Object Arg8, Object Arg9, Object Arg10, Object Arg11, Object Arg12, Object Arg13, Object Arg14, Object Arg15, Object Arg16, Object Arg17, Object Arg18, Object Arg19, Object Arg20, Object Arg21, Object Arg22, Object Arg23, Object Arg24, Object Arg25, Object Arg26, Object Arg27, Object Arg28, Object Arg29, Object Arg30)
   at ExcelPlugIn.Excel.ExcelSession._safeLoadSolverAddIn()
2024-11-12 22:32:06,420 [Component Thread] WARN Phoenix.ComponentClient.Impl.DefaultHarnessRunnerHost - Could not load the Solver Add-in.
System.Runtime.InteropServices.COMException (0x800A03EC): Sorry, we couldn't find C:\Users\knech\OneDrive\Documents\Solver.xlam. Is it possible it was moved, renamed or deleted?
   at Microsoft.Office.Interop.Excel.ApplicationClass.Run(Object Macro, Object Arg1, Object Arg2, Object Arg3, Object Arg4, Object Arg5, Object Arg6, Object Arg7, Object Arg8, Object Arg9, Object Arg10, Object Arg11, Object Arg12, Object Arg13, Object Arg14, Object Arg15, Object Arg16, Object Arg17, Object Arg18, Object Arg19, Object Arg20, Object Arg21, Object Arg22, Object Arg23, Object Arg24, Object Arg25, Object Arg26, Object Arg27, Object Arg28, Object Arg29, Object Arg30)
   at ExcelPlugIn.Excel.ExcelSession._safeLoadSolverAddIn()
